<?xml version="1.0" encoding="UTF-8"?>
<!-- Generated by org.testng.reporters.JUnitXMLReporter -->
<testsuite ignored="0" hostname="DESKTOP-9GPG848" failures="0" tests="5" name="Default test" time="6.867" errors="0" timestamp="2022-12-09T01:56:33 IST">
  <testcase classname="API.jira.Library" name="AddLibrary" time="3.917"/>
  <testcase classname="API.jira.Library" name="AddLibrary" time="0.178"/>
  <testcase classname="API.jira.Library" name="AddLibrary" time="0.163"/>
  <testcase classname="API.jira.Library" name="AddLibrary" time="0.136"/>
  <testcase classname="API.jira.Library" name="PlaceFromFile" time="2.311"/>
</testsuite> <!-- Default test -->
