<?xml version="1.0" encoding="UTF-8"?>
<testng-results ignored="0" total="1" passed="1" failed="0" skipped="0">
  <reporter-output>
  </reporter-output>
  <suite started-at="2022-12-12T03:17:20 IST" name="Default suite" finished-at="2022-12-12T03:17:28 IST" duration-ms="8667">
    <groups>
    </groups>
    <test started-at="2022-12-12T03:17:20 IST" name="Default test" finished-at="2022-12-12T03:17:28 IST" duration-ms="8667">
      <class name="API.jira.Oauth">
        <test-method signature="oauth()[pri:0, instance:API.jira.Oauth@4738a206]" started-at="2022-12-12T03:17:20 IST" name="oauth" finished-at="2022-12-12T03:17:28 IST" duration-ms="8539" status="PASS">
          <reporter-output>
          </reporter-output>
        </test-method> <!-- oauth -->
      </class> <!-- API.jira.Oauth -->
    </test> <!-- Default test -->
  </suite> <!-- Default suite -->
</testng-results>
