<?xml version="1.0" encoding="UTF-8"?>
<testng-results ignored="0" total="5" passed="5" failed="0" skipped="0">
  <reporter-output>
  </reporter-output>
  <suite started-at="2022-12-09T01:56:26 IST" name="Default suite" finished-at="2022-12-09T01:56:33 IST" duration-ms="6867">
    <groups>
    </groups>
    <test started-at="2022-12-09T01:56:26 IST" name="Default test" finished-at="2022-12-09T01:56:33 IST" duration-ms="6867">
      <class name="API.jira.Library">
        <test-method signature="AddLibrary(java.lang.String,java.lang.String)[pri:0, instance:API.jira.Library@1af2d44a]" started-at="2022-12-09T01:56:26 IST" name="AddLibrary" data-provider="librarydetails" finished-at="2022-12-09T01:56:30 IST" duration-ms="3917" status="PASS">
          <params>
            <param index="0">
              <value>
                <![CDATA[abc]]>
              </value>
            </param>
            <param index="1">
              <value>
                <![CDATA[123]]>
              </value>
            </param>
          </params>
          <reporter-output>
          </reporter-output>
        </test-method> <!-- AddLibrary -->
        <test-method signature="AddLibrary(java.lang.String,java.lang.String)[pri:0, instance:API.jira.Library@1af2d44a]" started-at="2022-12-09T01:56:30 IST" name="AddLibrary" data-provider="librarydetails" finished-at="2022-12-09T01:56:30 IST" duration-ms="178" status="PASS">
          <params>
            <param index="0">
              <value>
                <![CDATA[xyz]]>
              </value>
            </param>
            <param index="1">
              <value>
                <![CDATA[123]]>
              </value>
            </param>
          </params>
          <reporter-output>
          </reporter-output>
        </test-method> <!-- AddLibrary -->
        <test-method signature="AddLibrary(java.lang.String,java.lang.String)[pri:0, instance:API.jira.Library@1af2d44a]" started-at="2022-12-09T01:56:30 IST" name="AddLibrary" data-provider="librarydetails" finished-at="2022-12-09T01:56:30 IST" duration-ms="163" status="PASS">
          <params>
            <param index="0">
              <value>
                <![CDATA[qwe]]>
              </value>
            </param>
            <param index="1">
              <value>
                <![CDATA[123]]>
              </value>
            </param>
          </params>
          <reporter-output>
          </reporter-output>
        </test-method> <!-- AddLibrary -->
        <test-method signature="AddLibrary(java.lang.String,java.lang.String)[pri:0, instance:API.jira.Library@1af2d44a]" started-at="2022-12-09T01:56:30 IST" name="AddLibrary" data-provider="librarydetails" finished-at="2022-12-09T01:56:30 IST" duration-ms="136" status="PASS">
          <params>
            <param index="0">
              <value>
                <![CDATA[ert]]>
              </value>
            </param>
            <param index="1">
              <value>
                <![CDATA[123]]>
              </value>
            </param>
          </params>
          <reporter-output>
          </reporter-output>
        </test-method> <!-- AddLibrary -->
        <test-method signature="PlaceFromFile()[pri:0, instance:API.jira.Library@1af2d44a]" started-at="2022-12-09T01:56:30 IST" name="PlaceFromFile" finished-at="2022-12-09T01:56:33 IST" duration-ms="2311" status="PASS">
          <reporter-output>
          </reporter-output>
        </test-method> <!-- PlaceFromFile -->
      </class> <!-- API.jira.Library -->
    </test> <!-- Default test -->
  </suite> <!-- Default suite -->
</testng-results>
